<html>
<head>
<title>TestNG:  Surefire test</title>
<link href="../testng.css" rel="stylesheet" type="text/css" />
<link href="../my-testng.css" rel="stylesheet" type="text/css" />

<style type="text/css">
.log { display: none;} 
.stack-trace { display: none;} 
</style>
<script type="text/javascript">
<!--
function flip(e) {
  current = e.style.display;
  if (current == 'block') {
    e.style.display = 'none';
    return 0;
  }
  else {
    e.style.display = 'block';
    return 1;
  }
}

function toggleBox(szDivId, elem, msg1, msg2)
{
  var res = -1;  if (document.getElementById) {
    res = flip(document.getElementById(szDivId));
  }
  else if (document.all) {
    // this is the way old msie versions work
    res = flip(document.all[szDivId]);
  }
  if(elem) {
    if(res == 0) elem.innerHTML = msg1; else elem.innerHTML = msg2;
  }

}

function toggleAllBoxes() {
  if (document.getElementsByTagName) {
    d = document.getElementsByTagName('div');
    for (i = 0; i < d.length; i++) {
      if (d[i].className == 'log') {
        flip(d[i]);
      }
    }
  }
}

// -->
</script>

</head>
<body>
<h2 align='center'>Surefire test</h2><table border='1' align="center">
<tr>
<td>Tests passed/Failed/Skipped:</td><td>17/4/0</td>
</tr><tr>
<td>Started on:</td><td>Sun Mar 16 15:14:10 IST 2025</td>
</tr>
<tr><td>Total time:</td><td>267 seconds (267979 ms)</td>
</tr><tr>
<td>Included groups:</td><td></td>
</tr><tr>
<td>Excluded groups:</td><td></td>
</tr>
</table><p/>
<small><i>(Hover the method name to see the test class name)</i></small><p/>
<table width='100%' border='1' class='invocation-failed'>
<tr><td colspan='4' align='center'><b>FAILED TESTS</b></td></tr>
<tr><td><b>Test method</b></td>
<td><b>Attribute(s)</b></td>
<td width="30%"><b>Exception</b></td>
<td width="10%"><b>Time (seconds)</b></td>
<td><b>Instance</b></td>
</tr>
<tr>
<td title='Runner.TestRunner.runScenario()'><b>runScenario</b><br>Test class: Runner.TestRunner<br>Test method: Runs Cucumber Scenarios<br>Parameters: "Verify Mouse Hover functionality", "Automate LetsKodeIt Practice Page"</td>
<td><div><pre>org.openqa.selenium.ElementClickInterceptedException: element click intercepted: Element &lt;a href=&quot;&quot;&gt;...&lt;/a&gt; is not clickable at point (282, 656). Other element would receive the click: &lt;a href=&quot;#top&quot;&gt;...&lt;/a&gt;
  (Session info: chrome=134.0.6998.89)
Build info: version: &apos;4.19.1&apos;, revision: &apos;abe0ee07dc&apos;
System info: os.name: &apos;Windows 11&apos;, os.arch: &apos;amd64&apos;, os.version: &apos;10.0&apos;, java.version: &apos;23.0.1&apos;
Driver info: org.openqa.selenium.chrome.ChromeDriver
Command: [9c5198e5c83d2b5a862c7d759c005414, clickElement {id=f.240CC001FAD1BDB5998A1A90C0676752.d.BA46AEE846581E257C545B8D73586558.e.91}]
Capabilities {acceptInsecureCerts: false, browserName: chrome, browserVersion: 134.0.6998.89, chrome: {chromedriverVersion: 134.0.6998.88 (7e3d5c978c6d..., userDataDir: C:\Users\ADITYA\AppData\Loc...}, fedcm:accounts: true, goog:chromeOptions: {debuggerAddress: localhost:55783}, networkConnectionEnabled: false, pageLoadStrategy: normal, platformName: windows, proxy: Proxy(), se:cdp: ws://localhost:55783/devtoo..., se:cdpVersion: 134.0.6998.89, setWindowRect: true, strictFileInteractability: false, timeouts: {implicit: 0, pageLoad: 300000, script: 30000}, unhandledPromptBehavior: dismiss and notify, webauthn:extension:credBlob: true, webauthn:extension:largeBlob: true, webauthn:extension:minPinLength: true, webauthn:extension:prf: true, webauthn:virtualAuthenticators: true}
Element: [[ChromeDriver: chrome on windows (9c5198e5c83d2b5a862c7d759c005414)] -&gt; xpath: //div[@class=&apos;mouse-hover-content&apos;]/a[text()=&apos;Reload&apos;]]
Session ID: 9c5198e5c83d2b5a862c7d759c005414
	at org.openqa.selenium.remote.ErrorCodec.decode(ErrorCodec.java:167)
	at org.openqa.selenium.remote.codec.w3c.W3CHttpResponseCodec.decode(W3CHttpResponseCodec.java:138)
	at org.openqa.selenium.remote.codec.w3c.W3CHttpResponseCodec.decode(W3CHttpResponseCodec.java:50)
	at org.openqa.selenium.remote.HttpCommandExecutor.execute(HttpCommandExecutor.java:190)
	at org.openqa.selenium.remote.service.DriverCommandExecutor.invokeExecute(DriverCommandExecutor.java:216)
	at org.openqa.selenium.remote.service.DriverCommandExecutor.execute(DriverCommandExecutor.java:174)
	at org.openqa.selenium.remote.RemoteWebDriver.execute(RemoteWebDriver.java:518)
	at org.openqa.selenium.remote.RemoteWebElement.execute(RemoteWebElement.java:223)
	at org.openqa.selenium.remote.RemoteWebElement.click(RemoteWebElement.java:76)
	at pages.PracticePage.clickMouseHoverOption(PracticePage.java:337)
	at stepDefinations.PracticePageSteps.iClickOnTheOption(PracticePageSteps.java:213)
	at ✽.I click on the &quot;Reload&quot; option(file:///C:/Users/ADITYA/eclipse-workspace/Capstone_Project/./src/test/resources/features/PracticePage.feature:81)
... Removed 3 stack frames</pre></div><a href='#' onClick='toggleBox("stack-trace351108575", this, "Click to show all stack frames", "Click to hide stack frames")'>Click to show all stack frames</a>
<div class='stack-trace' id='stack-trace351108575'><pre>org.openqa.selenium.ElementClickInterceptedException: element click intercepted: Element &lt;a href=&quot;&quot;&gt;...&lt;/a&gt; is not clickable at point (282, 656). Other element would receive the click: &lt;a href=&quot;#top&quot;&gt;...&lt;/a&gt;
  (Session info: chrome=134.0.6998.89)
Build info: version: &apos;4.19.1&apos;, revision: &apos;abe0ee07dc&apos;
System info: os.name: &apos;Windows 11&apos;, os.arch: &apos;amd64&apos;, os.version: &apos;10.0&apos;, java.version: &apos;23.0.1&apos;
Driver info: org.openqa.selenium.chrome.ChromeDriver
Command: [9c5198e5c83d2b5a862c7d759c005414, clickElement {id=f.240CC001FAD1BDB5998A1A90C0676752.d.BA46AEE846581E257C545B8D73586558.e.91}]
Capabilities {acceptInsecureCerts: false, browserName: chrome, browserVersion: 134.0.6998.89, chrome: {chromedriverVersion: 134.0.6998.88 (7e3d5c978c6d..., userDataDir: C:\Users\ADITYA\AppData\Loc...}, fedcm:accounts: true, goog:chromeOptions: {debuggerAddress: localhost:55783}, networkConnectionEnabled: false, pageLoadStrategy: normal, platformName: windows, proxy: Proxy(), se:cdp: ws://localhost:55783/devtoo..., se:cdpVersion: 134.0.6998.89, setWindowRect: true, strictFileInteractability: false, timeouts: {implicit: 0, pageLoad: 300000, script: 30000}, unhandledPromptBehavior: dismiss and notify, webauthn:extension:credBlob: true, webauthn:extension:largeBlob: true, webauthn:extension:minPinLength: true, webauthn:extension:prf: true, webauthn:virtualAuthenticators: true}
Element: [[ChromeDriver: chrome on windows (9c5198e5c83d2b5a862c7d759c005414)] -&gt; xpath: //div[@class=&apos;mouse-hover-content&apos;]/a[text()=&apos;Reload&apos;]]
Session ID: 9c5198e5c83d2b5a862c7d759c005414
	at java.base/jdk.internal.reflect.DirectConstructorHandleAccessor.newInstance(DirectConstructorHandleAccessor.java:62)
	at java.base/java.lang.reflect.Constructor.newInstanceWithCaller(Constructor.java:501)
	at java.base/java.lang.reflect.Constructor.newInstance(Constructor.java:485)
	at org.openqa.selenium.remote.ErrorCodec.decode(ErrorCodec.java:167)
	at org.openqa.selenium.remote.codec.w3c.W3CHttpResponseCodec.decode(W3CHttpResponseCodec.java:138)
	at org.openqa.selenium.remote.codec.w3c.W3CHttpResponseCodec.decode(W3CHttpResponseCodec.java:50)
	at org.openqa.selenium.remote.HttpCommandExecutor.execute(HttpCommandExecutor.java:190)
	at org.openqa.selenium.remote.service.DriverCommandExecutor.invokeExecute(DriverCommandExecutor.java:216)
	at org.openqa.selenium.remote.service.DriverCommandExecutor.execute(DriverCommandExecutor.java:174)
	at org.openqa.selenium.remote.RemoteWebDriver.execute(RemoteWebDriver.java:518)
	at org.openqa.selenium.remote.RemoteWebElement.execute(RemoteWebElement.java:223)
	at org.openqa.selenium.remote.RemoteWebElement.click(RemoteWebElement.java:76)
	at pages.PracticePage.clickMouseHoverOption(PracticePage.java:337)
	at stepDefinations.PracticePageSteps.iClickOnTheOption(PracticePageSteps.java:213)
	at ✽.I click on the &quot;Reload&quot; option(file:///C:/Users/ADITYA/eclipse-workspace/Capstone_Project/./src/test/resources/features/PracticePage.feature:81)
</pre></div></td>
<td>12</td>
<td>Runner.TestRunner@609e8838</td></tr>
<tr>
<td title='Runner.TestRunner.runScenario()'><b>runScenario</b><br>Test class: Runner.TestRunner<br>Test method: Runs Cucumber Scenarios<br>Parameters: "Verify Web Table Data", "Automate LetsKodeIt Practice Page"</td>
<td><div><pre>java.lang.AssertionError: Table data does not match!: lists don&apos;t have the same size expected [4] but found [3]
	at stepDefinations.PracticePageSteps.theTableShouldContain(PracticePageSteps.java:241)
	at ✽.the table should contain the following courses:(file:///C:/Users/ADITYA/eclipse-workspace/Capstone_Project/./src/test/resources/features/PracticePage.feature:86)
... Removed 7 stack frames</pre></div><a href='#' onClick='toggleBox("stack-trace1089579669", this, "Click to show all stack frames", "Click to hide stack frames")'>Click to show all stack frames</a>
<div class='stack-trace' id='stack-trace1089579669'><pre>java.lang.AssertionError: Table data does not match!: lists don&apos;t have the same size expected [4] but found [3]
	at org.testng.Assert.fail(Assert.java:111)
	at org.testng.Assert.failNotEquals(Assert.java:1578)
	at org.testng.Assert.assertEqualsImpl(Assert.java:150)
	at org.testng.Assert.assertEquals(Assert.java:132)
	at org.testng.Assert.assertEquals(Assert.java:1419)
	at org.testng.Assert.assertEquals(Assert.java:1383)
	at org.testng.Assert.assertEquals(Assert.java:1630)
	at stepDefinations.PracticePageSteps.theTableShouldContain(PracticePageSteps.java:241)
	at ✽.the table should contain the following courses:(file:///C:/Users/ADITYA/eclipse-workspace/Capstone_Project/./src/test/resources/features/PracticePage.feature:86)
</pre></div></td>
<td>10</td>
<td>Runner.TestRunner@609e8838</td></tr>
<tr>
<td title='Runner.TestRunner.runScenario()'><b>runScenario</b><br>Test class: Runner.TestRunner<br>Test method: Runs Cucumber Scenarios<br>Parameters: "Successful Login with valid credentials", "User Registration and Login"</td>
<td><div><pre>org.openqa.selenium.TimeoutException: Expected condition failed: waiting for title to contain &quot;My Courses&quot;. Current title: &quot;Login&quot; (tried for 10 second(s) with 500 milliseconds interval)
Build info: version: &apos;4.19.1&apos;, revision: &apos;abe0ee07dc&apos;
System info: os.name: &apos;Windows 11&apos;, os.arch: &apos;amd64&apos;, os.version: &apos;10.0&apos;, java.version: &apos;23.0.1&apos;
Driver info: org.openqa.selenium.chrome.ChromeDriver
Capabilities {acceptInsecureCerts: false, browserName: chrome, browserVersion: 134.0.6998.89, chrome: {chromedriverVersion: 134.0.6998.88 (7e3d5c978c6d..., userDataDir: C:\Users\ADITYA\AppData\Loc...}, fedcm:accounts: true, goog:chromeOptions: {debuggerAddress: localhost:56006}, networkConnectionEnabled: false, pageLoadStrategy: normal, platformName: windows, proxy: Proxy(), se:cdp: ws://localhost:56006/devtoo..., se:cdpVersion: 134.0.6998.89, setWindowRect: true, strictFileInteractability: false, timeouts: {implicit: 0, pageLoad: 300000, script: 30000}, unhandledPromptBehavior: dismiss and notify, webauthn:extension:credBlob: true, webauthn:extension:largeBlob: true, webauthn:extension:minPinLength: true, webauthn:extension:prf: true, webauthn:virtualAuthenticators: true}
Session ID: ef406ec0f9b4772e8a9fe8ebff292f2d
	at org.openqa.selenium.support.ui.WebDriverWait.timeoutException(WebDriverWait.java:84)
	at org.openqa.selenium.support.ui.FluentWait.until(FluentWait.java:228)
	at pages.LoginPage.isMyCoursesPageDisplayed(LoginPage.java:49)
	at stepDefinations.LoginSteps.the_user_is_redirected_to_the_My_Courses_page(LoginSteps.java:34)
	at ✽.the user is redirected to the My Courses page(file:///C:/Users/ADITYA/eclipse-workspace/Capstone_Project/./src/test/resources/features/RegistrationAndLogin.feature:25)
</pre></div><a href='#' onClick='toggleBox("stack-trace931026746", this, "Click to show all stack frames", "Click to hide stack frames")'>Click to show all stack frames</a>
<div class='stack-trace' id='stack-trace931026746'><pre>org.openqa.selenium.TimeoutException: Expected condition failed: waiting for title to contain &quot;My Courses&quot;. Current title: &quot;Login&quot; (tried for 10 second(s) with 500 milliseconds interval)
Build info: version: &apos;4.19.1&apos;, revision: &apos;abe0ee07dc&apos;
System info: os.name: &apos;Windows 11&apos;, os.arch: &apos;amd64&apos;, os.version: &apos;10.0&apos;, java.version: &apos;23.0.1&apos;
Driver info: org.openqa.selenium.chrome.ChromeDriver
Capabilities {acceptInsecureCerts: false, browserName: chrome, browserVersion: 134.0.6998.89, chrome: {chromedriverVersion: 134.0.6998.88 (7e3d5c978c6d..., userDataDir: C:\Users\ADITYA\AppData\Loc...}, fedcm:accounts: true, goog:chromeOptions: {debuggerAddress: localhost:56006}, networkConnectionEnabled: false, pageLoadStrategy: normal, platformName: windows, proxy: Proxy(), se:cdp: ws://localhost:56006/devtoo..., se:cdpVersion: 134.0.6998.89, setWindowRect: true, strictFileInteractability: false, timeouts: {implicit: 0, pageLoad: 300000, script: 30000}, unhandledPromptBehavior: dismiss and notify, webauthn:extension:credBlob: true, webauthn:extension:largeBlob: true, webauthn:extension:minPinLength: true, webauthn:extension:prf: true, webauthn:virtualAuthenticators: true}
Session ID: ef406ec0f9b4772e8a9fe8ebff292f2d
	at org.openqa.selenium.support.ui.WebDriverWait.timeoutException(WebDriverWait.java:84)
	at org.openqa.selenium.support.ui.FluentWait.until(FluentWait.java:228)
	at pages.LoginPage.isMyCoursesPageDisplayed(LoginPage.java:49)
	at stepDefinations.LoginSteps.the_user_is_redirected_to_the_My_Courses_page(LoginSteps.java:34)
	at ✽.the user is redirected to the My Courses page(file:///C:/Users/ADITYA/eclipse-workspace/Capstone_Project/./src/test/resources/features/RegistrationAndLogin.feature:25)
</pre></div></td>
<td>22</td>
<td>Runner.TestRunner@609e8838</td></tr>
<tr>
<td title='Runner.TestRunner.runScenario()'><b>runScenario</b><br>Test class: Runner.TestRunner<br>Test method: Runs Cucumber Scenarios<br>Parameters: "Successful Registration with valid credentials", "User Registration and Login"</td>
<td><div><pre>org.openqa.selenium.TimeoutException: Expected condition failed: waiting for Attribute or property &apos;aria-checked&apos; to be &apos;true&apos;. Current value: &apos;false&apos; (tried for 10 second(s) with 500 milliseconds interval)
Build info: version: &apos;4.19.1&apos;, revision: &apos;abe0ee07dc&apos;
System info: os.name: &apos;Windows 11&apos;, os.arch: &apos;amd64&apos;, os.version: &apos;10.0&apos;, java.version: &apos;23.0.1&apos;
Driver info: org.openqa.selenium.chrome.ChromeDriver
Capabilities {acceptInsecureCerts: false, browserName: chrome, browserVersion: 134.0.6998.89, chrome: {chromedriverVersion: 134.0.6998.88 (7e3d5c978c6d..., userDataDir: C:\Users\ADITYA\AppData\Loc...}, fedcm:accounts: true, goog:chromeOptions: {debuggerAddress: localhost:55914}, networkConnectionEnabled: false, pageLoadStrategy: normal, platformName: windows, proxy: Proxy(), se:cdp: ws://localhost:55914/devtoo..., se:cdpVersion: 134.0.6998.89, setWindowRect: true, strictFileInteractability: false, timeouts: {implicit: 0, pageLoad: 300000, script: 30000}, unhandledPromptBehavior: dismiss and notify, webauthn:extension:credBlob: true, webauthn:extension:largeBlob: true, webauthn:extension:minPinLength: true, webauthn:extension:prf: true, webauthn:virtualAuthenticators: true}
Session ID: a3a325c0edd567208aa6f4ca0c3e8cf6
	at org.openqa.selenium.support.ui.WebDriverWait.timeoutException(WebDriverWait.java:84)
	at org.openqa.selenium.support.ui.FluentWait.until(FluentWait.java:228)
	at pages.SignUpPage.CapthaHandle(SignUpPage.java:79)
	at stepDefinations.RegistratioSteps.the_user_ticks_the_captcha_checkbox(RegistratioSteps.java:54)
	at ✽.the user ticks the captcha checkbox(file:///C:/Users/ADITYA/eclipse-workspace/Capstone_Project/./src/test/resources/features/RegistrationAndLogin.feature:12)
</pre></div><a href='#' onClick='toggleBox("stack-trace368599534", this, "Click to show all stack frames", "Click to hide stack frames")'>Click to show all stack frames</a>
<div class='stack-trace' id='stack-trace368599534'><pre>org.openqa.selenium.TimeoutException: Expected condition failed: waiting for Attribute or property &apos;aria-checked&apos; to be &apos;true&apos;. Current value: &apos;false&apos; (tried for 10 second(s) with 500 milliseconds interval)
Build info: version: &apos;4.19.1&apos;, revision: &apos;abe0ee07dc&apos;
System info: os.name: &apos;Windows 11&apos;, os.arch: &apos;amd64&apos;, os.version: &apos;10.0&apos;, java.version: &apos;23.0.1&apos;
Driver info: org.openqa.selenium.chrome.ChromeDriver
Capabilities {acceptInsecureCerts: false, browserName: chrome, browserVersion: 134.0.6998.89, chrome: {chromedriverVersion: 134.0.6998.88 (7e3d5c978c6d..., userDataDir: C:\Users\ADITYA\AppData\Loc...}, fedcm:accounts: true, goog:chromeOptions: {debuggerAddress: localhost:55914}, networkConnectionEnabled: false, pageLoadStrategy: normal, platformName: windows, proxy: Proxy(), se:cdp: ws://localhost:55914/devtoo..., se:cdpVersion: 134.0.6998.89, setWindowRect: true, strictFileInteractability: false, timeouts: {implicit: 0, pageLoad: 300000, script: 30000}, unhandledPromptBehavior: dismiss and notify, webauthn:extension:credBlob: true, webauthn:extension:largeBlob: true, webauthn:extension:minPinLength: true, webauthn:extension:prf: true, webauthn:virtualAuthenticators: true}
Session ID: a3a325c0edd567208aa6f4ca0c3e8cf6
	at org.openqa.selenium.support.ui.WebDriverWait.timeoutException(WebDriverWait.java:84)
	at org.openqa.selenium.support.ui.FluentWait.until(FluentWait.java:228)
	at pages.SignUpPage.CapthaHandle(SignUpPage.java:79)
	at stepDefinations.RegistratioSteps.the_user_ticks_the_captcha_checkbox(RegistratioSteps.java:54)
	at ✽.the user ticks the captcha checkbox(file:///C:/Users/ADITYA/eclipse-workspace/Capstone_Project/./src/test/resources/features/RegistrationAndLogin.feature:12)
</pre></div></td>
<td>27</td>
<td>Runner.TestRunner@609e8838</td></tr>
</table><p>
<table width='100%' border='1' class='invocation-passed'>
<tr><td colspan='4' align='center'><b>PASSED TESTS</b></td></tr>
<tr><td><b>Test method</b></td>
<td><b>Attribute(s)</b></td>
<td width="30%"><b>Exception</b></td>
<td width="10%"><b>Time (seconds)</b></td>
<td><b>Instance</b></td>
</tr>
<tr>
<td title='Runner.TestRunner.runScenario()'><b>runScenario</b><br>Test class: Runner.TestRunner<br>Test method: Runs Cucumber Scenarios<br>Parameters: "Verify user can select different radio buttons", "Automate LetsKodeIt Practice Page"</td>
<td></td>
<td>11</td>
<td>Runner.TestRunner@609e8838</td></tr>
<tr>
<td title='Runner.TestRunner.runScenario()'><b>runScenario</b><br>Test class: Runner.TestRunner<br>Test method: Runs Cucumber Scenarios<br>Parameters: "verify user can select from the  drop down menu", "Automate LetsKodeIt Practice Page"</td>
<td></td>
<td>10</td>
<td>Runner.TestRunner@609e8838</td></tr>
<tr>
<td title='Runner.TestRunner.runScenario()'><b>runScenario</b><br>Test class: Runner.TestRunner<br>Test method: Runs Cucumber Scenarios<br>Parameters: "Verify user can Disable and Enable the input field", "Automate LetsKodeIt Practice Page"</td>
<td></td>
<td>11</td>
<td>Runner.TestRunner@609e8838</td></tr>
<tr>
<td title='Runner.TestRunner.runScenario()'><b>runScenario</b><br>Test class: Runner.TestRunner<br>Test method: Runs Cucumber Scenarios<br>Parameters: "Verify user can open a new window and switch back", "Automate LetsKodeIt Practice Page"</td>
<td></td>
<td>10</td>
<td>Runner.TestRunner@609e8838</td></tr>
<tr>
<td title='Runner.TestRunner.runScenario()'><b>runScenario</b><br>Test class: Runner.TestRunner<br>Test method: Runs Cucumber Scenarios<br>Parameters: "Verify user can select different radio buttons", "Automate LetsKodeIt Practice Page"</td>
<td></td>
<td>10</td>
<td>Runner.TestRunner@609e8838</td></tr>
<tr>
<td title='Runner.TestRunner.runScenario()'><b>runScenario</b><br>Test class: Runner.TestRunner<br>Test method: Runs Cucumber Scenarios<br>Parameters: "CheckBox Verify user can check and uncheck checkboxes", "Automate LetsKodeIt Practice Page"</td>
<td></td>
<td>10</td>
<td>Runner.TestRunner@609e8838</td></tr>
<tr>
<td title='Runner.TestRunner.runScenario()'><b>runScenario</b><br>Test class: Runner.TestRunner<br>Test method: Runs Cucumber Scenarios<br>Parameters: "Verify Alert and Confirm popups", "Automate LetsKodeIt Practice Page"</td>
<td></td>
<td>11</td>
<td>Runner.TestRunner@609e8838</td></tr>
<tr>
<td title='Runner.TestRunner.runScenario()'><b>runScenario</b><br>Test class: Runner.TestRunner<br>Test method: Runs Cucumber Scenarios<br>Parameters: "CheckBox Verify user can check and uncheck checkboxes", "Automate LetsKodeIt Practice Page"</td>
<td></td>
<td>10</td>
<td>Runner.TestRunner@609e8838</td></tr>
<tr>
<td title='Runner.TestRunner.runScenario()'><b>runScenario</b><br>Test class: Runner.TestRunner<br>Test method: Runs Cucumber Scenarios<br>Parameters: "Verify the title and major sections of the Home Page", "Home Page Verification"</td>
<td></td>
<td>14</td>
<td>Runner.TestRunner@609e8838</td></tr>
<tr>
<td title='Runner.TestRunner.runScenario()'><b>runScenario</b><br>Test class: Runner.TestRunner<br>Test method: Runs Cucumber Scenarios<br>Parameters: "CheckBox Verify user can check and uncheck checkboxes", "Automate LetsKodeIt Practice Page"</td>
<td></td>
<td>11</td>
<td>Runner.TestRunner@609e8838</td></tr>
<tr>
<td title='Runner.TestRunner.runScenario()'><b>runScenario</b><br>Test class: Runner.TestRunner<br>Test method: Runs Cucumber Scenarios<br>Parameters: "Verify user can open a new tab and switch back", "Automate LetsKodeIt Practice Page"</td>
<td></td>
<td>11</td>
<td>Runner.TestRunner@609e8838</td></tr>
<tr>
<td title='Runner.TestRunner.runScenario()'><b>runScenario</b><br>Test class: Runner.TestRunner<br>Test method: Runs Cucumber Scenarios<br>Parameters: "Successful Login with valid credentials", "User Registration and Login"</td>
<td></td>
<td>15</td>
<td>Runner.TestRunner@609e8838</td></tr>
<tr>
<td title='Runner.TestRunner.runScenario()'><b>runScenario</b><br>Test class: Runner.TestRunner<br>Test method: Runs Cucumber Scenarios<br>Parameters: "Verify user can select different radio buttons", "Automate LetsKodeIt Practice Page"</td>
<td></td>
<td>10</td>
<td>Runner.TestRunner@609e8838</td></tr>
<tr>
<td title='Runner.TestRunner.runScenario()'><b>runScenario</b><br>Test class: Runner.TestRunner<br>Test method: Runs Cucumber Scenarios<br>Parameters: "verify user can select from the  drop down menu", "Automate LetsKodeIt Practice Page"</td>
<td></td>
<td>10</td>
<td>Runner.TestRunner@609e8838</td></tr>
<tr>
<td title='Runner.TestRunner.runScenario()'><b>runScenario</b><br>Test class: Runner.TestRunner<br>Test method: Runs Cucumber Scenarios<br>Parameters: "Verify user can select multiple options from the Multipleselectoption", "Automate LetsKodeIt Practice Page"</td>
<td></td>
<td>11</td>
<td>Runner.TestRunner@609e8838</td></tr>
<tr>
<td title='Runner.TestRunner.runScenario()'><b>runScenario</b><br>Test class: Runner.TestRunner<br>Test method: Runs Cucumber Scenarios<br>Parameters: "verify user can select from the  drop down menu", "Automate LetsKodeIt Practice Page"</td>
<td></td>
<td>10</td>
<td>Runner.TestRunner@609e8838</td></tr>
<tr>
<td title='Runner.TestRunner.runScenario()'><b>runScenario</b><br>Test class: Runner.TestRunner<br>Test method: Runs Cucumber Scenarios<br>Parameters: "Verify user can hide and show the input field", "Automate LetsKodeIt Practice Page"</td>
<td></td>
<td>11</td>
<td>Runner.TestRunner@609e8838</td></tr>
</table><p>
</body>
</html>