{"uuid":"8c869275-256d-4589-998e-293d86bb8cf2","historyId":"23834e7f050ed41a9945b3cbe3b28cc2","testCaseId":"b2637188043cca4002d3daed32c29021","fullName":"./src/test/resources/features/Homepage.feature:5","labels":[{"name":"tag","value":"HomePage"},{"name":"tag","value":"VerifyTitleAndSections"},{"name":"host","value":"Sundar"},{"name":"thread","value":"22760@Sundar.main(1)"},{"name":"feature","value":"Home Page Verification"},{"name":"story","value":"Verify the title and major sections of the Home Page"},{"name":"suite","value":"Home Page Verification"},{"name":"testClass","value":"Verify the title and major sections of the Home Page"},{"name":"framework","value":"cucumber4jvm"},{"name":"language","value":"java"},{"name":"gherkin_uri","value":"file:///C:/Users/sunda/Downloads/Capstone_Project%20(2)/Capstone_Project/./src/test/resources/features/Homepage.feature"},{"name":"package","value":"src.test.resources.features.Homepage_feature.Home Page Verification"}],"links":[],"name":"Verify the title and major sections of the Home Page","status":"failed","statusDetails":{"known":false,"muted":false,"flaky":false,"message":"Page does not contain expected text: offer for you expected [true] but found [false]","trace":"java.lang.AssertionError: Page does not contain expected text: offer for you expected [true] but found [false]\r\n\tat org.testng.Assert.fail(Assert.java:111)\r\n\tat org.testng.Assert.failNotEquals(Assert.java:1578)\r\n\tat org.testng.Assert.assertTrue(Assert.java:57)\r\n\tat stepDefinations.HomePageSteps.the_page_must_have(HomePageSteps.java:32)\r\n\tat ✽.the page must have \"offer for you\"(file:///C:/Users/sunda/Downloads/Capstone_Project%20(2)/Capstone_Project/./src/test/resources/features/Homepage.feature:7)\r\n"},"stage":"finished","steps":[{"name":"Given I open the browser and navigated to home page","status":"passed","statusDetails":{"known":false,"muted":false,"flaky":false},"stage":"finished","steps":[],"attachments":[],"parameters":[],"start":1742236953283,"stop":1742236953285},{"name":"Then the page must have \"offer for you\"","status":"failed","statusDetails":{"known":false,"muted":false,"flaky":false,"message":"Page does not contain expected text: offer for you expected [true] but found [false]","trace":"java.lang.AssertionError: Page does not contain expected text: offer for you expected [true] but found [false]\r\n\tat org.testng.Assert.fail(Assert.java:111)\r\n\tat org.testng.Assert.failNotEquals(Assert.java:1578)\r\n\tat org.testng.Assert.assertTrue(Assert.java:57)\r\n\tat stepDefinations.HomePageSteps.the_page_must_have(HomePageSteps.java:32)\r\n\tat ✽.the page must have \"offer for you\"(file:///C:/Users/sunda/Downloads/Capstone_Project%20(2)/Capstone_Project/./src/test/resources/features/Homepage.feature:7)\r\n"},"stage":"finished","steps":[],"attachments":[],"parameters":[],"start":1742236953286,"stop":1742236953341},{"name":"Then the page must have \"recomended\"","status":"skipped","statusDetails":{"known":false,"muted":false,"flaky":false},"stage":"finished","steps":[],"attachments":[],"parameters":[],"start":1742236953342,"stop":1742236953342},{"name":"Then the search bar should be available","status":"skipped","statusDetails":{"known":false,"muted":false,"flaky":false},"stage":"finished","steps":[],"attachments":[],"parameters":[],"start":1742236953343,"stop":1742236953343}],"attachments":[],"parameters":[],"start":1742236947864,"stop":1742236953351}