{"uuid":"d6d53dcb-bbd4-4694-8f27-7a39120ca163","historyId":"734da0cf5fcb04728327b91c6fabc45e","testCaseId":"def00e7f8d1cfd5a37ae81ee3475ef36","fullName":"./src/test/resources/features/shoppingcartpage.feature:4","labels":[{"name":"host","value":"Sundar"},{"name":"thread","value":"13400@Sundar.main(1)"},{"name":"feature","value":"Shopping Cart Functionality"},{"name":"story","value":"Verify shopping cart operations"},{"name":"suite","value":"Shopping Cart Functionality"},{"name":"testClass","value":"Verify shopping cart operations"},{"name":"framework","value":"cucumber4jvm"},{"name":"language","value":"java"},{"name":"gherkin_uri","value":"file:///C:/Users/sunda/Downloads/Capstone_Project%20(2)/Capstone_Project/./src/test/resources/features/shoppingcartpage.feature"},{"name":"package","value":"src.test.resources.features.shoppingcartpage_feature.Shopping Cart Functionality"}],"links":[],"name":"Verify shopping cart operations","status":"broken","statusDetails":{"known":false,"muted":false,"flaky":false,"message":"Expected condition failed: waiting for visibility of element located by By.xpath: input[value='1'] (tried for 10 second(s) with 500 milliseconds interval)\nBuild info: version: '4.19.1', revision: 'abe0ee07dc'\nSystem info: os.name: 'Windows 11', os.arch: 'amd64', os.version: '10.0', java.version: '23.0.1'\nDriver info: org.openqa.selenium.chrome.ChromeDriver\nCapabilities {acceptInsecureCerts: false, browserName: chrome, browserVersion: 134.0.6998.89, chrome: {chromedriverVersion: 134.0.6998.88 (7e3d5c978c6d..., userDataDir: C:\\Users\\sunda\\AppData\\Loca...}, fedcm:accounts: true, goog:chromeOptions: {debuggerAddress: localhost:62683}, networkConnectionEnabled: false, pageLoadStrategy: normal, platformName: windows, proxy: Proxy(), se:cdp: ws://localhost:62683/devtoo..., se:cdpVersion: 134.0.6998.89, setWindowRect: true, strictFileInteractability: false, timeouts: {implicit: 0, pageLoad: 300000, script: 30000}, unhandledPromptBehavior: dismiss and notify, webauthn:extension:credBlob: true, webauthn:extension:largeBlob: true, webauthn:extension:minPinLength: true, webauthn:extension:prf: true, webauthn:virtualAuthenticators: true}\nSession ID: 10982a10ee319f53288cb662198b1cdd","trace":"org.openqa.selenium.TimeoutException: Expected condition failed: waiting for visibility of element located by By.xpath: input[value='1'] (tried for 10 second(s) with 500 milliseconds interval)\nBuild info: version: '4.19.1', revision: 'abe0ee07dc'\nSystem info: os.name: 'Windows 11', os.arch: 'amd64', os.version: '10.0', java.version: '23.0.1'\nDriver info: org.openqa.selenium.chrome.ChromeDriver\nCapabilities {acceptInsecureCerts: false, browserName: chrome, browserVersion: 134.0.6998.89, chrome: {chromedriverVersion: 134.0.6998.88 (7e3d5c978c6d..., userDataDir: C:\\Users\\sunda\\AppData\\Loca...}, fedcm:accounts: true, goog:chromeOptions: {debuggerAddress: localhost:62683}, networkConnectionEnabled: false, pageLoadStrategy: normal, platformName: windows, proxy: Proxy(), se:cdp: ws://localhost:62683/devtoo..., se:cdpVersion: 134.0.6998.89, setWindowRect: true, strictFileInteractability: false, timeouts: {implicit: 0, pageLoad: 300000, script: 30000}, unhandledPromptBehavior: dismiss and notify, webauthn:extension:credBlob: true, webauthn:extension:largeBlob: true, webauthn:extension:minPinLength: true, webauthn:extension:prf: true, webauthn:virtualAuthenticators: true}\nSession ID: 10982a10ee319f53288cb662198b1cdd\r\n\tat org.openqa.selenium.support.ui.WebDriverWait.timeoutException(WebDriverWait.java:84)\r\n\tat org.openqa.selenium.support.ui.FluentWait.until(FluentWait.java:228)\r\n\tat pages.ShoppingCartPage.changeQuantity(ShoppingCartPage.java:52)\r\n\tat stepDefinations.ShoppingCartPageSteps.iChangeTheProductQuantityTo(ShoppingCartPageSteps.java:35)\r\n\tat ✽.I change the product quantity to \"5\"(file:///C:/Users/sunda/Downloads/Capstone_Project%20(2)/Capstone_Project/./src/test/resources/features/shoppingcartpage.feature:8)\r\n"},"stage":"finished","steps":[{"name":"Given I am on the home page for shopping cart testing","status":"passed","statusDetails":{"known":false,"muted":false,"flaky":false},"stage":"finished","steps":[],"attachments":[],"parameters":[],"start":1742239769923,"stop":1742239769925},{"name":"When I search for \"smartphone\" and add the product to cart","status":"passed","statusDetails":{"known":false,"muted":false,"flaky":false},"stage":"finished","steps":[],"attachments":[],"parameters":[],"start":1742239769926,"stop":1742239771612},{"name":"When I go to the shopping cart","status":"passed","statusDetails":{"known":false,"muted":false,"flaky":false},"stage":"finished","steps":[],"attachments":[],"parameters":[],"start":1742239771612,"stop":1742239772365},{"name":"When I change the product quantity to \"5\"","status":"broken","statusDetails":{"known":false,"muted":false,"flaky":false,"message":"Expected condition failed: waiting for visibility of element located by By.xpath: input[value='1'] (tried for 10 second(s) with 500 milliseconds interval)\nBuild info: version: '4.19.1', revision: 'abe0ee07dc'\nSystem info: os.name: 'Windows 11', os.arch: 'amd64', os.version: '10.0', java.version: '23.0.1'\nDriver info: org.openqa.selenium.chrome.ChromeDriver\nCapabilities {acceptInsecureCerts: false, browserName: chrome, browserVersion: 134.0.6998.89, chrome: {chromedriverVersion: 134.0.6998.88 (7e3d5c978c6d..., userDataDir: C:\\Users\\sunda\\AppData\\Loca...}, fedcm:accounts: true, goog:chromeOptions: {debuggerAddress: localhost:62683}, networkConnectionEnabled: false, pageLoadStrategy: normal, platformName: windows, proxy: Proxy(), se:cdp: ws://localhost:62683/devtoo..., se:cdpVersion: 134.0.6998.89, setWindowRect: true, strictFileInteractability: false, timeouts: {implicit: 0, pageLoad: 300000, script: 30000}, unhandledPromptBehavior: dismiss and notify, webauthn:extension:credBlob: true, webauthn:extension:largeBlob: true, webauthn:extension:minPinLength: true, webauthn:extension:prf: true, webauthn:virtualAuthenticators: true}\nSession ID: 10982a10ee319f53288cb662198b1cdd","trace":"org.openqa.selenium.TimeoutException: Expected condition failed: waiting for visibility of element located by By.xpath: input[value='1'] (tried for 10 second(s) with 500 milliseconds interval)\nBuild info: version: '4.19.1', revision: 'abe0ee07dc'\nSystem info: os.name: 'Windows 11', os.arch: 'amd64', os.version: '10.0', java.version: '23.0.1'\nDriver info: org.openqa.selenium.chrome.ChromeDriver\nCapabilities {acceptInsecureCerts: false, browserName: chrome, browserVersion: 134.0.6998.89, chrome: {chromedriverVersion: 134.0.6998.88 (7e3d5c978c6d..., userDataDir: C:\\Users\\sunda\\AppData\\Loca...}, fedcm:accounts: true, goog:chromeOptions: {debuggerAddress: localhost:62683}, networkConnectionEnabled: false, pageLoadStrategy: normal, platformName: windows, proxy: Proxy(), se:cdp: ws://localhost:62683/devtoo..., se:cdpVersion: 134.0.6998.89, setWindowRect: true, strictFileInteractability: false, timeouts: {implicit: 0, pageLoad: 300000, script: 30000}, unhandledPromptBehavior: dismiss and notify, webauthn:extension:credBlob: true, webauthn:extension:largeBlob: true, webauthn:extension:minPinLength: true, webauthn:extension:prf: true, webauthn:virtualAuthenticators: true}\nSession ID: 10982a10ee319f53288cb662198b1cdd\r\n\tat org.openqa.selenium.support.ui.WebDriverWait.timeoutException(WebDriverWait.java:84)\r\n\tat org.openqa.selenium.support.ui.FluentWait.until(FluentWait.java:228)\r\n\tat pages.ShoppingCartPage.changeQuantity(ShoppingCartPage.java:52)\r\n\tat stepDefinations.ShoppingCartPageSteps.iChangeTheProductQuantityTo(ShoppingCartPageSteps.java:35)\r\n\tat ✽.I change the product quantity to \"5\"(file:///C:/Users/sunda/Downloads/Capstone_Project%20(2)/Capstone_Project/./src/test/resources/features/shoppingcartpage.feature:8)\r\n"},"stage":"finished","steps":[],"attachments":[],"parameters":[],"start":1742239772366,"stop":1742239782444},{"name":"Then the product subtotal is \"$500.00\"","status":"skipped","statusDetails":{"known":false,"muted":false,"flaky":false},"stage":"finished","steps":[],"attachments":[],"parameters":[],"start":1742239782446,"stop":1742239782446},{"name":"When I remove the product from cart","status":"skipped","statusDetails":{"known":false,"muted":false,"flaky":false},"stage":"finished","steps":[],"attachments":[],"parameters":[],"start":1742239782446,"stop":1742239782447},{"name":"Then the shopping cart is empty","status":"skipped","statusDetails":{"known":false,"muted":false,"flaky":false},"stage":"finished","steps":[],"attachments":[],"parameters":[],"start":1742239782447,"stop":1742239782447}],"attachments":[],"parameters":[],"start":1742239769919,"stop":1742239782451}