{"uuid":"e1973437-6845-4050-b36a-64d65abf222e","historyId":"c5e9f19025693a648885700f57a31e4e","testCaseId":"a1be0cc2e41910ddd52510344e0cb227","fullName":"src/test/resources/features/orderplacementpage.feature:4","labels":[{"name":"host","value":"Sundar"},{"name":"thread","value":"5064@Sundar.main(1)"},{"name":"feature","value":"Order Placement Functionality"},{"name":"story","value":"Place an order as a guest"},{"name":"suite","value":"Order Placement Functionality"},{"name":"testClass","value":"Place an order as a guest"},{"name":"framework","value":"cucumber4jvm"},{"name":"language","value":"java"},{"name":"gherkin_uri","value":"file:///C:/Users/sunda/Downloads/Capstone_Project%20(2)/Capstone_Project/src/test/resources/features/orderplacementpage.feature"},{"name":"package","value":"src.test.resources.features.orderplacementpage_feature.Order Placement Functionality"}],"links":[],"name":"Place an order as a guest","status":"broken","statusDetails":{"known":false,"muted":false,"flaky":false,"message":"Cannot locate option with text: Alabama\nFor documentation on this error, please visit: https://www.selenium.dev/documentation/webdriver/troubleshooting/errors#no-such-element-exception\nBuild info: version: '4.19.1', revision: 'abe0ee07dc'\nSystem info: os.name: 'Windows 11', os.arch: 'amd64', os.version: '10.0', java.version: '23.0.1'\nDriver info: driver.version: unknown","trace":"org.openqa.selenium.NoSuchElementException: Cannot locate option with text: Alabama\nFor documentation on this error, please visit: https://www.selenium.dev/documentation/webdriver/troubleshooting/errors#no-such-element-exception\nBuild info: version: '4.19.1', revision: 'abe0ee07dc'\nSystem info: os.name: 'Windows 11', os.arch: 'amd64', os.version: '10.0', java.version: '23.0.1'\nDriver info: driver.version: unknown\r\n\tat org.openqa.selenium.support.ui.Select.selectByVisibleText(Select.java:153)\r\n\tat pages.OrderPlacementPage.selectState(OrderPlacementPage.java:77)\r\n\tat stepDefinations.OrderPlacementPageSteps.iAddAProductToCartAndProceedToCheckoutAsGuest(OrderPlacementPageSteps.java:30)\r\n\tat ✽.I add a product to cart and proceed to checkout as guest(file:///C:/Users/sunda/Downloads/Capstone_Project%20(2)/Capstone_Project/src/test/resources/features/orderplacementpage.feature:6)\r\n"},"stage":"finished","steps":[{"name":"Given I am on the home page for order placement testing","status":"passed","statusDetails":{"known":false,"muted":false,"flaky":false},"stage":"finished","steps":[],"attachments":[],"parameters":[],"start":1742446108579,"stop":1742446108586},{"name":"When I add a product to cart and proceed to checkout as guest","status":"broken","statusDetails":{"known":false,"muted":false,"flaky":false,"message":"Cannot locate option with text: Alabama\nFor documentation on this error, please visit: https://www.selenium.dev/documentation/webdriver/troubleshooting/errors#no-such-element-exception\nBuild info: version: '4.19.1', revision: 'abe0ee07dc'\nSystem info: os.name: 'Windows 11', os.arch: 'amd64', os.version: '10.0', java.version: '23.0.1'\nDriver info: driver.version: unknown","trace":"org.openqa.selenium.NoSuchElementException: Cannot locate option with text: Alabama\nFor documentation on this error, please visit: https://www.selenium.dev/documentation/webdriver/troubleshooting/errors#no-such-element-exception\nBuild info: version: '4.19.1', revision: 'abe0ee07dc'\nSystem info: os.name: 'Windows 11', os.arch: 'amd64', os.version: '10.0', java.version: '23.0.1'\nDriver info: driver.version: unknown\r\n\tat org.openqa.selenium.support.ui.Select.selectByVisibleText(Select.java:153)\r\n\tat pages.OrderPlacementPage.selectState(OrderPlacementPage.java:77)\r\n\tat stepDefinations.OrderPlacementPageSteps.iAddAProductToCartAndProceedToCheckoutAsGuest(OrderPlacementPageSteps.java:30)\r\n\tat ✽.I add a product to cart and proceed to checkout as guest(file:///C:/Users/sunda/Downloads/Capstone_Project%20(2)/Capstone_Project/src/test/resources/features/orderplacementpage.feature:6)\r\n"},"stage":"finished","steps":[],"attachments":[],"parameters":[],"start":1742446108587,"stop":1742446112000},{"name":"When I fill in billing and shipping details","status":"skipped","statusDetails":{"known":false,"muted":false,"flaky":false},"stage":"finished","steps":[],"attachments":[],"parameters":[],"start":1742446112003,"stop":1742446112004},{"name":"When I complete the payment process","status":"skipped","statusDetails":{"known":false,"muted":false,"flaky":false},"stage":"finished","steps":[],"attachments":[],"parameters":[],"start":1742446112004,"stop":1742446112005},{"name":"Then the order should be successfully placed","status":"skipped","statusDetails":{"known":false,"muted":false,"flaky":false},"stage":"finished","steps":[],"attachments":[],"parameters":[],"start":1742446112007,"stop":1742446112008}],"attachments":[],"parameters":[],"start":1742446103099,"stop":1742446112026}