{"uuid":"f80a24aa-3538-4e2d-9a02-6e000e2f90b8","historyId":"45f925f48397f64067e9db96485fd0b5","testCaseId":"cda81d2bc21aa7ee4c96d7bf4957f75b","fullName":"./src/test/resources/features/RegistrationAndLogin.feature:41","labels":[{"name":"host","value":"DESKTOP-PKBVHAB"},{"name":"thread","value":"14356@DESKTOP-PKBVHAB.main(1)"},{"name":"feature","value":"User Registration and Login"},{"name":"story","value":"Successful Login with valid credentials"},{"name":"suite","value":"User Registration and Login"},{"name":"testClass","value":"Successful Login with valid credentials"},{"name":"framework","value":"cucumber4jvm"},{"name":"language","value":"java"},{"name":"gherkin_uri","value":"file:///C:/Users/ADITYA/eclipse-workspace/Capstone_Project/./src/test/resources/features/RegistrationAndLogin.feature"},{"name":"package","value":"src.test.resources.features.RegistrationAndLogin_feature.User Registration and Login"}],"links":[],"name":"Successful Login with valid credentials","status":"broken","statusDetails":{"known":false,"muted":false,"flaky":false,"message":"Expected condition failed: waiting for element to be clickable: By.partialLinkText: SIGN IN (tried for 10 second(s) with 500 milliseconds interval)\nBuild info: version: '4.19.1', revision: 'abe0ee07dc'\nSystem info: os.name: 'Windows 11', os.arch: 'amd64', os.version: '10.0', java.version: '23.0.1'\nDriver info: org.openqa.selenium.chrome.ChromeDriver\nCapabilities {acceptInsecureCerts: false, browserName: chrome, browserVersion: 134.0.6998.89, chrome: {chromedriverVersion: 134.0.6998.88 (7e3d5c978c6d..., userDataDir: C:\\Users\\ADITYA\\AppData\\Loc...}, fedcm:accounts: true, goog:chromeOptions: {debuggerAddress: localhost:52955}, networkConnectionEnabled: false, pageLoadStrategy: normal, platformName: windows, proxy: Proxy(), se:cdp: ws://localhost:52955/devtoo..., se:cdpVersion: 134.0.6998.89, setWindowRect: true, strictFileInteractability: false, timeouts: {implicit: 0, pageLoad: 300000, script: 30000}, unhandledPromptBehavior: dismiss and notify, webauthn:extension:credBlob: true, webauthn:extension:largeBlob: true, webauthn:extension:minPinLength: true, webauthn:extension:prf: true, webauthn:virtualAuthenticators: true}\nSession ID: 8cd761437a63c43630c6303e4009ff30","trace":"org.openqa.selenium.TimeoutException: Expected condition failed: waiting for element to be clickable: By.partialLinkText: SIGN IN (tried for 10 second(s) with 500 milliseconds interval)\nBuild info: version: '4.19.1', revision: 'abe0ee07dc'\nSystem info: os.name: 'Windows 11', os.arch: 'amd64', os.version: '10.0', java.version: '23.0.1'\nDriver info: org.openqa.selenium.chrome.ChromeDriver\nCapabilities {acceptInsecureCerts: false, browserName: chrome, browserVersion: 134.0.6998.89, chrome: {chromedriverVersion: 134.0.6998.88 (7e3d5c978c6d..., userDataDir: C:\\Users\\ADITYA\\AppData\\Loc...}, fedcm:accounts: true, goog:chromeOptions: {debuggerAddress: localhost:52955}, networkConnectionEnabled: false, pageLoadStrategy: normal, platformName: windows, proxy: Proxy(), se:cdp: ws://localhost:52955/devtoo..., se:cdpVersion: 134.0.6998.89, setWindowRect: true, strictFileInteractability: false, timeouts: {implicit: 0, pageLoad: 300000, script: 30000}, unhandledPromptBehavior: dismiss and notify, webauthn:extension:credBlob: true, webauthn:extension:largeBlob: true, webauthn:extension:minPinLength: true, webauthn:extension:prf: true, webauthn:virtualAuthenticators: true}\nSession ID: 8cd761437a63c43630c6303e4009ff30\r\n\tat org.openqa.selenium.support.ui.WebDriverWait.timeoutException(WebDriverWait.java:84)\r\n\tat org.openqa.selenium.support.ui.FluentWait.until(FluentWait.java:228)\r\n\tat pages.SignUpPage.clickSignInButton(SignUpPage.java:37)\r\n\tat stepDefinations.RegistratioSteps.the_user_clicks_the_sign_in_link(RegistratioSteps.java:26)\r\n\tat ✽.the user clicks the Sign In link(file:///C:/Users/ADITYA/eclipse-workspace/Capstone_Project/./src/test/resources/features/RegistrationAndLogin.feature:6)\r\n"},"stage":"finished","steps":[{"name":"Given User is on the Letskodeit Practise homepage","status":"passed","statusDetails":{"known":false,"muted":false,"flaky":false},"stage":"finished","steps":[],"attachments":[],"parameters":[],"start":1742117374398,"stop":1742117374398},{"name":"When the user clicks the Sign In link","status":"broken","statusDetails":{"known":false,"muted":false,"flaky":false,"message":"Expected condition failed: waiting for element to be clickable: By.partialLinkText: SIGN IN (tried for 10 second(s) with 500 milliseconds interval)\nBuild info: version: '4.19.1', revision: 'abe0ee07dc'\nSystem info: os.name: 'Windows 11', os.arch: 'amd64', os.version: '10.0', java.version: '23.0.1'\nDriver info: org.openqa.selenium.chrome.ChromeDriver\nCapabilities {acceptInsecureCerts: false, browserName: chrome, browserVersion: 134.0.6998.89, chrome: {chromedriverVersion: 134.0.6998.88 (7e3d5c978c6d..., userDataDir: C:\\Users\\ADITYA\\AppData\\Loc...}, fedcm:accounts: true, goog:chromeOptions: {debuggerAddress: localhost:52955}, networkConnectionEnabled: false, pageLoadStrategy: normal, platformName: windows, proxy: Proxy(), se:cdp: ws://localhost:52955/devtoo..., se:cdpVersion: 134.0.6998.89, setWindowRect: true, strictFileInteractability: false, timeouts: {implicit: 0, pageLoad: 300000, script: 30000}, unhandledPromptBehavior: dismiss and notify, webauthn:extension:credBlob: true, webauthn:extension:largeBlob: true, webauthn:extension:minPinLength: true, webauthn:extension:prf: true, webauthn:virtualAuthenticators: true}\nSession ID: 8cd761437a63c43630c6303e4009ff30","trace":"org.openqa.selenium.TimeoutException: Expected condition failed: waiting for element to be clickable: By.partialLinkText: SIGN IN (tried for 10 second(s) with 500 milliseconds interval)\nBuild info: version: '4.19.1', revision: 'abe0ee07dc'\nSystem info: os.name: 'Windows 11', os.arch: 'amd64', os.version: '10.0', java.version: '23.0.1'\nDriver info: org.openqa.selenium.chrome.ChromeDriver\nCapabilities {acceptInsecureCerts: false, browserName: chrome, browserVersion: 134.0.6998.89, chrome: {chromedriverVersion: 134.0.6998.88 (7e3d5c978c6d..., userDataDir: C:\\Users\\ADITYA\\AppData\\Loc...}, fedcm:accounts: true, goog:chromeOptions: {debuggerAddress: localhost:52955}, networkConnectionEnabled: false, pageLoadStrategy: normal, platformName: windows, proxy: Proxy(), se:cdp: ws://localhost:52955/devtoo..., se:cdpVersion: 134.0.6998.89, setWindowRect: true, strictFileInteractability: false, timeouts: {implicit: 0, pageLoad: 300000, script: 30000}, unhandledPromptBehavior: dismiss and notify, webauthn:extension:credBlob: true, webauthn:extension:largeBlob: true, webauthn:extension:minPinLength: true, webauthn:extension:prf: true, webauthn:virtualAuthenticators: true}\nSession ID: 8cd761437a63c43630c6303e4009ff30\r\n\tat org.openqa.selenium.support.ui.WebDriverWait.timeoutException(WebDriverWait.java:84)\r\n\tat org.openqa.selenium.support.ui.FluentWait.until(FluentWait.java:228)\r\n\tat pages.SignUpPage.clickSignInButton(SignUpPage.java:37)\r\n\tat stepDefinations.RegistratioSteps.the_user_clicks_the_sign_in_link(RegistratioSteps.java:26)\r\n\tat ✽.the user clicks the Sign In link(file:///C:/Users/ADITYA/eclipse-workspace/Capstone_Project/./src/test/resources/features/RegistrationAndLogin.feature:6)\r\n"},"stage":"finished","steps":[],"attachments":[],"parameters":[],"start":1742117374398,"stop":1742117386095},{"name":"Then the user is in the login page","status":"skipped","statusDetails":{"known":false,"muted":false,"flaky":false},"stage":"finished","steps":[],"attachments":[],"parameters":[],"start":1742117386096,"stop":1742117386096},{"name":"When the user enters WongCrendtials \"Aditya1@gmail.com\" and \"Aditya@1\"","status":"skipped","statusDetails":{"known":false,"muted":false,"flaky":false},"stage":"finished","steps":[],"attachments":[],"parameters":[],"start":1742117386096,"stop":1742117386096},{"name":"And the user clicks the login button for an unsuccessful login","status":"skipped","statusDetails":{"known":false,"muted":false,"flaky":false},"stage":"finished","steps":[],"attachments":[],"parameters":[],"start":1742117386096,"stop":1742117386096},{"name":"Then the login page will show \"Incorrect login details\" in the display","status":"skipped","statusDetails":{"known":false,"muted":false,"flaky":false},"stage":"finished","steps":[],"attachments":[],"parameters":[],"start":1742117386096,"stop":1742117386097},{"name":"When the user clicks the Forget Password button","status":"skipped","statusDetails":{"known":false,"muted":false,"flaky":false},"stage":"finished","steps":[],"attachments":[],"parameters":[],"start":1742117386100,"stop":1742117386100},{"name":"Then the user is redirected to the Password RestPage","status":"skipped","statusDetails":{"known":false,"muted":false,"flaky":false},"stage":"finished","steps":[],"attachments":[],"parameters":[],"start":1742117386100,"stop":1742117386100}],"attachments":[],"parameters":[{"name":"email","value":"Aditya1@gmail.com"},{"name":"password","value":"Aditya@1"}],"start":1742117374396,"stop":1742117386102}